<?xml version="1.0" encoding="UTF-8"?>
<testng-results skipped="0" failed="0" ignored="0" total="1" passed="1">
  <reporter-output>
  </reporter-output>
  <suite name="Default suite" duration-ms="29632" started-at="2020-01-02T14:07:02 PST" finished-at="2020-01-02T14:07:32 PST">
    <groups>
    </groups>
    <test name="Default test" duration-ms="29632" started-at="2020-01-02T14:07:02 PST" finished-at="2020-01-02T14:07:32 PST">
      <class name="com.ip.qa.testcases.LoginPageTest">
        <test-method status="PASS" signature="setUp()[pri:0, instance:com.ip.qa.testcases.LoginPageTest@63e2203c]" name="setUp" is-config="true" duration-ms="27876" started-at="2020-01-02T14:07:02 PST" finished-at="2020-01-02T14:07:30 PST">
          <reporter-output>
          </reporter-output>
        </test-method> <!-- setUp -->
        <test-method status="PASS" signature="test()[pri:0, instance:com.ip.qa.testcases.LoginPageTest@63e2203c]" name="test" duration-ms="151" started-at="2020-01-02T14:07:30 PST" finished-at="2020-01-02T14:07:30 PST">
          <reporter-output>
          </reporter-output>
        </test-method> <!-- test -->
        <test-method status="PASS" signature="tearDown()[pri:0, instance:com.ip.qa.testcases.LoginPageTest@63e2203c]" name="tearDown" is-config="true" duration-ms="1474" started-at="2020-01-02T14:07:30 PST" finished-at="2020-01-02T14:07:32 PST">
          <reporter-output>
          </reporter-output>
        </test-method> <!-- tearDown -->
      </class> <!-- com.ip.qa.testcases.LoginPageTest -->
    </test> <!-- Default test -->
  </suite> <!-- Default suite -->
</testng-results>
